<?xml version="1.0" encoding="UTF-8"?>
<!DOCTYPE score-partwise PUBLIC "-//Recordare//DTD MusicXML 3.0 Partwise//EN" "http://www.musicxml.org/dtds/partwise.dtd">
<score-partwise>
    <work>
        <work-title>This is title</work-title>
    </work>
    <identification>
        <encoding>
            <software>kubota-demo</software>
            <encoding-date>2022-08-16</encoding-date>
            <supports element="accidental" type="yes"/>
            <supports element="beam" type="yes"/>
            <supports element="print" attribute="new-page" type="yes" value="yes"/>
            <supports element="print" attribute="new-system" type="yes" value="yes"/>
            <supports element="stem" type="yes"/>
        </encoding>
    </identification>

    <part-list>
        
            <score-part id="P1">
                <part-name>melody</part-name>
                <part-abbreviation>mel.</part-abbreviation>
                <score-instrument id="P1-I1">
                    <instrument-name>melody</instrument-name>
                </score-instrument>
                <midi-device id="P1-I1" port="1"></midi-device>
                <midi-instrument id="P1-I1">
                    <midi-channel>1</midi-channel>
                    <midi-program>5</midi-program>
                    <volume>90</volume>
                    <pan>0</pan>
                </midi-instrument>
            </score-part>
        
    </part-list>

    
        <part id="P1">
            
                <measure number="1">
                    
                    
                        <direction placement="above">
                            <direction-type>
                                <rehearsal>A</rehearsal>
                            </direction-type>
                        </direction>
                    
                    
                        <attributes>
                            <divisions>4</divisions>
                            <key>
                                <fifths>0</fifths>
                            </key>
                            <time>
                                <beats>4</beats>
                                <beat-type>4</beat-type>
                            </time>
                            <clef>
                                <sign>G</sign>
                                <line>2</line>
                            </clef>
                        </attributes>
                    
                    
                        
                        <note>
                            
                                <pitch>
                                    <step>E</step>
                                    
                                    <octave>4</octave>
                                </pitch>
                            
                            <duration>4</duration>
                            
                            <voice>1</voice>
                            <type>quarter</type>
                            
                            
                                <stem>up</stem>
                            
                            
                            
                        </note>
                    
                        
                        <note>
                            
                                <pitch>
                                    <step>A</step>
                                    
                                    <octave>4</octave>
                                </pitch>
                            
                            <duration>4</duration>
                            
                            <voice>1</voice>
                            <type>quarter</type>
                            
                            
                                <stem>up</stem>
                            
                            
                            
                        </note>
                    
                        
                        <note>
                            
                                <pitch>
                                    <step>E</step>
                                    
                                    <octave>4</octave>
                                </pitch>
                            
                            <duration>2</duration>
                            
                            <voice>1</voice>
                            <type>eighth</type>
                            
                            
                                <stem>up</stem>
                            
                            
                                <beam number="1">begin</beam>
                            
                            
                        </note>
                    
                        
                        <note>
                            
                                <pitch>
                                    <step>A</step>
                                    
                                    <octave>4</octave>
                                </pitch>
                            
                            <duration>4</duration>
                            
                            <voice>1</voice>
                            <type>quarter</type>
                            
                            
                                <stem>up</stem>
                            
                            
                                <beam number="1">continue</beam>
                            
                            
                        </note>
                    
                        
                        <note>
                            
                                <pitch>
                                    <step>G</step>
                                    
                                    <octave>4</octave>
                                </pitch>
                            
                            <duration>2</duration>
                            
                            <voice>1</voice>
                            <type>eighth</type>
                            
                            
                                <stem>up</stem>
                            
                            
                                <beam number="1">end</beam>
                            
                            
                        </note>
                    
                    
                </measure>
            
                <measure number="2">
                    
                    
                    
                    
                        
                        <note>
                            
                                <pitch>
                                    <step>B</step>
                                    
                                    <octave>4</octave>
                                </pitch>
                            
                            <duration>1</duration>
                            
                            <voice>1</voice>
                            <type>16th</type>
                            
                            
                                <stem>up</stem>
                            
                            
                                <beam number="1">begin</beam>
                            
                            
                        </note>
                    
                        
                        <note>
                            
                                <pitch>
                                    <step>C</step>
                                    
                                    <octave>5</octave>
                                </pitch>
                            
                            <duration>1</duration>
                            
                            <voice>1</voice>
                            <type>16th</type>
                            
                            
                                <stem>up</stem>
                            
                            
                                <beam number="1">continue</beam>
                            
                            
                        </note>
                    
                        
                        <note>
                            
                                <pitch>
                                    <step>G</step>
                                    
                                    <octave>4</octave>
                                </pitch>
                            
                            <duration>4</duration>
                            
                            <voice>1</voice>
                            <type>quarter</type>
                            
                            
                                <stem>up</stem>
                            
                            
                                <beam number="1">continue</beam>
                            
                            
                        </note>
                    
                        
                        <note>
                            
                                <pitch>
                                    <step>A</step>
                                    
                                    <octave>4</octave>
                                </pitch>
                            
                            <duration>1</duration>
                            
                            <voice>1</voice>
                            <type>16th</type>
                            
                            
                                <stem>up</stem>
                            
                            
                                <beam number="1">continue</beam>
                            
                            
                        </note>
                    
                        
                        <note>
                            
                                <pitch>
                                    <step>G</step>
                                    
                                    <octave>4</octave>
                                </pitch>
                            
                            <duration>1</duration>
                            
                                <tie type="start"/>
                            
                            <voice>1</voice>
                            <type>16th</type>
                            
                            
                                <stem>up</stem>
                            
                            
                                <beam number="1">end</beam>
                            
                            
                                <notations>
                                    <tied type="start"/>
                                </notations>
                            
                        </note>
                    
                        
                        <note>
                            
                                <pitch>
                                    <step>G</step>
                                    
                                    <octave>4</octave>
                                </pitch>
                            
                            <duration>8</duration>
                            
                                <tie type="stop"/>
                            
                            <voice>1</voice>
                            <type>half</type>
                            
                            
                                <stem>up</stem>
                            
                            
                            
                                <notations>
                                    <tied type="stop"/>
                                </notations>
                            
                        </note>
                    
                    
                </measure>
            
                <measure number="3">
                    
                    
                    
                    
                        
                        <note>
                            
                                <pitch>
                                    <step>D</step>
                                    
                                    <octave>5</octave>
                                </pitch>
                            
                            <duration>2</duration>
                            
                            <voice>1</voice>
                            <type>eighth</type>
                            
                            
                                <stem>down</stem>
                            
                            
                                <beam number="1">begin</beam>
                            
                            
                        </note>
                    
                        
                        <note>
                            
                                <pitch>
                                    <step>C</step>
                                    
                                    <octave>5</octave>
                                </pitch>
                            
                            <duration>2</duration>
                            
                            <voice>1</voice>
                            <type>eighth</type>
                            
                            
                                <stem>down</stem>
                            
                            
                                <beam number="1">end</beam>
                            
                            
                        </note>
                    
                        
                        <note>
                            
                                <pitch>
                                    <step>B</step>
                                    
                                    <octave>4</octave>
                                </pitch>
                            
                            <duration>1</duration>
                            
                            <voice>1</voice>
                            <type>16th</type>
                            
                            
                                <stem>up</stem>
                            
                            
                                <beam number="1">begin</beam>
                            
                            
                        </note>
                    
                        
                        <note>
                            
                                <pitch>
                                    <step>C</step>
                                    
                                    <octave>5</octave>
                                </pitch>
                            
                            <duration>2</duration>
                            
                            <voice>1</voice>
                            <type>eighth</type>
                            
                            
                                <stem>up</stem>
                            
                            
                                <beam number="1">continue</beam>
                            
                            
                        </note>
                    
                        
                        <note>
                            
                                <pitch>
                                    <step>A</step>
                                    
                                        <alter>-1</alter>
                                    
                                    <octave>4</octave>
                                </pitch>
                            
                            <duration>1</duration>
                            
                                <tie type="start"/>
                            
                            <voice>1</voice>
                            <type>16th</type>
                            
                            
                                <stem>up</stem>
                            
                            
                                <beam number="1">end</beam>
                            
                            
                                <notations>
                                    <tied type="start"/>
                                </notations>
                            
                        </note>
                    
                        
                        <note>
                            
                                <pitch>
                                    <step>A</step>
                                    
                                        <alter>-1</alter>
                                    
                                    <octave>4</octave>
                                </pitch>
                            
                            <duration>1</duration>
                            
                                <tie type="stop"/>
                            
                            <voice>1</voice>
                            <type>16th</type>
                            
                            
                                <stem>up</stem>
                            
                            
                                <beam number="1">begin</beam>
                            
                            
                                <notations>
                                    <tied type="stop"/>
                                </notations>
                            
                        </note>
                    
                        
                        <note>
                            
                                <pitch>
                                    <step>A</step>
                                    
                                        <alter>-1</alter>
                                    
                                    <octave>4</octave>
                                </pitch>
                            
                            <duration>1</duration>
                            
                            <voice>1</voice>
                            <type>16th</type>
                            
                            
                                <stem>up</stem>
                            
                            
                                <beam number="1">continue</beam>
                            
                            
                        </note>
                    
                        
                        <note>
                            
                                <pitch>
                                    <step>A</step>
                                    
                                    <octave>4</octave>
                                </pitch>
                            
                            <duration>1</duration>
                            
                            <voice>1</voice>
                            <type>16th</type>
                            
                            
                                <stem>up</stem>
                            
                            
                                <beam number="1">continue</beam>
                            
                            
                        </note>
                    
                        
                        <note>
                            
                                <pitch>
                                    <step>B</step>
                                    
                                    <octave>4</octave>
                                </pitch>
                            
                            <duration>1</duration>
                            
                                <tie type="start"/>
                            
                            <voice>1</voice>
                            <type>16th</type>
                            
                            
                                <stem>up</stem>
                            
                            
                                <beam number="1">end</beam>
                            
                            
                                <notations>
                                    <tied type="start"/>
                                </notations>
                            
                        </note>
                    
                        
                        <note>
                            
                                <pitch>
                                    <step>B</step>
                                    
                                    <octave>4</octave>
                                </pitch>
                            
                            <duration>1</duration>
                            
                                <tie type="stop"/>
                            
                            <voice>1</voice>
                            <type>16th</type>
                            
                            
                                <stem>up</stem>
                            
                            
                                <beam number="1">begin</beam>
                            
                            
                                <notations>
                                    <tied type="stop"/>
                                </notations>
                            
                        </note>
                    
                        
                        <note>
                            
                                <pitch>
                                    <step>B</step>
                                    
                                    <octave>4</octave>
                                </pitch>
                            
                            <duration>1</duration>
                            
                            <voice>1</voice>
                            <type>16th</type>
                            
                            
                                <stem>up</stem>
                            
                            
                                <beam number="1">continue</beam>
                            
                            
                        </note>
                    
                        
                        <note>
                            
                                <pitch>
                                    <step>A</step>
                                    
                                        <alter>-1</alter>
                                    
                                    <octave>4</octave>
                                </pitch>
                            
                            <duration>2</duration>
                            
                            <voice>1</voice>
                            <type>eighth</type>
                            
                            
                                <stem>up</stem>
                            
                            
                                <beam number="1">end</beam>
                            
                            
                        </note>
                    
                    
                </measure>
            
                <measure number="4">
                    
                    
                    
                    
                        
                        <note>
                            
                                <pitch>
                                    <step>A</step>
                                    
                                    <octave>4</octave>
                                </pitch>
                            
                            <duration>2</duration>
                            
                            <voice>1</voice>
                            <type>eighth</type>
                            
                            
                                <stem>up</stem>
                            
                            
                                <beam number="1">begin</beam>
                            
                            
                        </note>
                    
                        
                        <note>
                            
                                <pitch>
                                    <step>B</step>
                                    
                                    <octave>4</octave>
                                </pitch>
                            
                            <duration>2</duration>
                            
                            <voice>1</voice>
                            <type>eighth</type>
                            
                            
                                <stem>up</stem>
                            
                            
                                <beam number="1">end</beam>
                            
                            
                        </note>
                    
                        
                        <note>
                            
                                <pitch>
                                    <step>C</step>
                                    
                                    <octave>5</octave>
                                </pitch>
                            
                            <duration>2</duration>
                            
                            <voice>1</voice>
                            <type>eighth</type>
                            
                            
                                <stem>down</stem>
                            
                            
                                <beam number="1">begin</beam>
                            
                            
                        </note>
                    
                        
                        <note>
                            
                                <pitch>
                                    <step>D</step>
                                    
                                    <octave>5</octave>
                                </pitch>
                            
                            <duration>1</duration>
                            
                            <voice>1</voice>
                            <type>16th</type>
                            
                            
                                <stem>down</stem>
                            
                            
                                <beam number="1">continue</beam>
                            
                            
                        </note>
                    
                        
                        <note>
                            
                                <pitch>
                                    <step>E</step>
                                    
                                    <octave>5</octave>
                                </pitch>
                            
                            <duration>1</duration>
                            
                                <tie type="start"/>
                            
                            <voice>1</voice>
                            <type>16th</type>
                            
                            
                                <stem>down</stem>
                            
                            
                                <beam number="1">end</beam>
                            
                            
                                <notations>
                                    <tied type="start"/>
                                </notations>
                            
                        </note>
                    
                        
                        <note>
                            
                                <pitch>
                                    <step>E</step>
                                    
                                    <octave>5</octave>
                                </pitch>
                            
                            <duration>4</duration>
                            
                                <tie type="stop"/>
                            
                            <voice>1</voice>
                            <type>quarter</type>
                            
                            
                                <stem>down</stem>
                            
                            
                            
                                <notations>
                                    <tied type="stop"/>
                                </notations>
                            
                        </note>
                    
                        
                        <note>
                            
                                <pitch>
                                    <step>A</step>
                                    
                                    <octave>4</octave>
                                </pitch>
                            
                            <duration>1</duration>
                            
                            <voice>1</voice>
                            <type>16th</type>
                            
                            
                                <stem>up</stem>
                            
                            
                                <beam number="1">begin</beam>
                            
                            
                        </note>
                    
                        
                        <note>
                            
                                <pitch>
                                    <step>A</step>
                                    
                                    <octave>4</octave>
                                </pitch>
                            
                            <duration>1</duration>
                            
                            <voice>1</voice>
                            <type>16th</type>
                            
                            
                                <stem>up</stem>
                            
                            
                                <beam number="1">continue</beam>
                            
                            
                        </note>
                    
                        
                        <note>
                            
                                <pitch>
                                    <step>C</step>
                                    
                                    <octave>5</octave>
                                </pitch>
                            
                            <duration>1</duration>
                            
                            <voice>1</voice>
                            <type>16th</type>
                            
                            
                                <stem>up</stem>
                            
                            
                                <beam number="1">continue</beam>
                            
                            
                        </note>
                    
                        
                        <note>
                            
                                <pitch>
                                    <step>A</step>
                                    
                                    <octave>4</octave>
                                </pitch>
                            
                            <duration>1</duration>
                            
                            <voice>1</voice>
                            <type>16th</type>
                            
                            
                                <stem>up</stem>
                            
                            
                                <beam number="1">end</beam>
                            
                            
                        </note>
                    
                    
                </measure>
            
                <measure number="5">
                    
                    
                    
                    
                        
                        <note>
                            
                                <pitch>
                                    <step>E</step>
                                    
                                    <octave>4</octave>
                                </pitch>
                            
                            <duration>4</duration>
                            
                            <voice>1</voice>
                            <type>quarter</type>
                            
                            
                                <stem>up</stem>
                            
                            
                            
                        </note>
                    
                        
                        <note>
                            
                                <pitch>
                                    <step>A</step>
                                    
                                    <octave>4</octave>
                                </pitch>
                            
                            <duration>4</duration>
                            
                            <voice>1</voice>
                            <type>quarter</type>
                            
                            
                                <stem>up</stem>
                            
                            
                            
                        </note>
                    
                        
                        <note>
                            
                                <pitch>
                                    <step>E</step>
                                    
                                    <octave>4</octave>
                                </pitch>
                            
                            <duration>2</duration>
                            
                            <voice>1</voice>
                            <type>eighth</type>
                            
                            
                                <stem>up</stem>
                            
                            
                                <beam number="1">begin</beam>
                            
                            
                        </note>
                    
                        
                        <note>
                            
                                <pitch>
                                    <step>A</step>
                                    
                                    <octave>4</octave>
                                </pitch>
                            
                            <duration>4</duration>
                            
                            <voice>1</voice>
                            <type>quarter</type>
                            
                            
                                <stem>up</stem>
                            
                            
                                <beam number="1">continue</beam>
                            
                            
                        </note>
                    
                        
                        <note>
                            
                                <pitch>
                                    <step>G</step>
                                    
                                    <octave>4</octave>
                                </pitch>
                            
                            <duration>2</duration>
                            
                            <voice>1</voice>
                            <type>eighth</type>
                            
                            
                                <stem>up</stem>
                            
                            
                                <beam number="1">end</beam>
                            
                            
                        </note>
                    
                    
                </measure>
            
                <measure number="6">
                    
                    
                    
                    
                        
                        <note>
                            
                                <pitch>
                                    <step>B</step>
                                    
                                    <octave>4</octave>
                                </pitch>
                            
                            <duration>1</duration>
                            
                            <voice>1</voice>
                            <type>16th</type>
                            
                            
                                <stem>up</stem>
                            
                            
                                <beam number="1">begin</beam>
                            
                            
                        </note>
                    
                        
                        <note>
                            
                                <pitch>
                                    <step>C</step>
                                    
                                    <octave>5</octave>
                                </pitch>
                            
                            <duration>1</duration>
                            
                            <voice>1</voice>
                            <type>16th</type>
                            
                            
                                <stem>up</stem>
                            
                            
                                <beam number="1">continue</beam>
                            
                            
                        </note>
                    
                        
                        <note>
                            
                                <pitch>
                                    <step>G</step>
                                    
                                    <octave>4</octave>
                                </pitch>
                            
                            <duration>4</duration>
                            
                            <voice>1</voice>
                            <type>quarter</type>
                            
                            
                                <stem>up</stem>
                            
                            
                                <beam number="1">continue</beam>
                            
                            
                        </note>
                    
                        
                        <note>
                            
                                <pitch>
                                    <step>A</step>
                                    
                                    <octave>4</octave>
                                </pitch>
                            
                            <duration>1</duration>
                            
                            <voice>1</voice>
                            <type>16th</type>
                            
                            
                                <stem>up</stem>
                            
                            
                                <beam number="1">continue</beam>
                            
                            
                        </note>
                    
                        
                        <note>
                            
                                <pitch>
                                    <step>G</step>
                                    
                                    <octave>4</octave>
                                </pitch>
                            
                            <duration>1</duration>
                            
                                <tie type="start"/>
                            
                            <voice>1</voice>
                            <type>16th</type>
                            
                            
                                <stem>up</stem>
                            
                            
                                <beam number="1">end</beam>
                            
                            
                                <notations>
                                    <tied type="start"/>
                                </notations>
                            
                        </note>
                    
                        
                        <note>
                            
                                <pitch>
                                    <step>G</step>
                                    
                                    <octave>4</octave>
                                </pitch>
                            
                            <duration>8</duration>
                            
                                <tie type="stop"/>
                            
                            <voice>1</voice>
                            <type>half</type>
                            
                            
                                <stem>up</stem>
                            
                            
                            
                                <notations>
                                    <tied type="stop"/>
                                </notations>
                            
                        </note>
                    
                    
                </measure>
            
                <measure number="7">
                    
                    
                    
                    
                        
                        <note>
                            
                                <pitch>
                                    <step>D</step>
                                    
                                    <octave>5</octave>
                                </pitch>
                            
                            <duration>2</duration>
                            
                            <voice>1</voice>
                            <type>eighth</type>
                            
                            
                                <stem>down</stem>
                            
                            
                                <beam number="1">begin</beam>
                            
                            
                        </note>
                    
                        
                        <note>
                            
                                <pitch>
                                    <step>C</step>
                                    
                                    <octave>5</octave>
                                </pitch>
                            
                            <duration>2</duration>
                            
                            <voice>1</voice>
                            <type>eighth</type>
                            
                            
                                <stem>down</stem>
                            
                            
                                <beam number="1">end</beam>
                            
                            
                        </note>
                    
                        
                        <note>
                            
                                <pitch>
                                    <step>B</step>
                                    
                                    <octave>4</octave>
                                </pitch>
                            
                            <duration>1</duration>
                            
                            <voice>1</voice>
                            <type>16th</type>
                            
                            
                                <stem>up</stem>
                            
                            
                                <beam number="1">begin</beam>
                            
                            
                        </note>
                    
                        
                        <note>
                            
                                <pitch>
                                    <step>C</step>
                                    
                                    <octave>5</octave>
                                </pitch>
                            
                            <duration>2</duration>
                            
                            <voice>1</voice>
                            <type>eighth</type>
                            
                            
                                <stem>up</stem>
                            
                            
                                <beam number="1">continue</beam>
                            
                            
                        </note>
                    
                        
                        <note>
                            
                                <pitch>
                                    <step>A</step>
                                    
                                        <alter>-1</alter>
                                    
                                    <octave>4</octave>
                                </pitch>
                            
                            <duration>1</duration>
                            
                                <tie type="start"/>
                            
                            <voice>1</voice>
                            <type>16th</type>
                            
                            
                                <stem>up</stem>
                            
                            
                                <beam number="1">end</beam>
                            
                            
                                <notations>
                                    <tied type="start"/>
                                </notations>
                            
                        </note>
                    
                        
                        <note>
                            
                                <pitch>
                                    <step>A</step>
                                    
                                        <alter>-1</alter>
                                    
                                    <octave>4</octave>
                                </pitch>
                            
                            <duration>1</duration>
                            
                                <tie type="stop"/>
                            
                            <voice>1</voice>
                            <type>16th</type>
                            
                            
                                <stem>up</stem>
                            
                            
                                <beam number="1">begin</beam>
                            
                            
                                <notations>
                                    <tied type="stop"/>
                                </notations>
                            
                        </note>
                    
                        
                        <note>
                            
                                <pitch>
                                    <step>A</step>
                                    
                                        <alter>-1</alter>
                                    
                                    <octave>4</octave>
                                </pitch>
                            
                            <duration>1</duration>
                            
                            <voice>1</voice>
                            <type>16th</type>
                            
                            
                                <stem>up</stem>
                            
                            
                                <beam number="1">continue</beam>
                            
                            
                        </note>
                    
                        
                        <note>
                            
                                <pitch>
                                    <step>A</step>
                                    
                                    <octave>4</octave>
                                </pitch>
                            
                            <duration>1</duration>
                            
                            <voice>1</voice>
                            <type>16th</type>
                            
                            
                                <stem>up</stem>
                            
                            
                                <beam number="1">continue</beam>
                            
                            
                        </note>
                    
                        
                        <note>
                            
                                <pitch>
                                    <step>B</step>
                                    
                                    <octave>4</octave>
                                </pitch>
                            
                            <duration>1</duration>
                            
                                <tie type="start"/>
                            
                            <voice>1</voice>
                            <type>16th</type>
                            
                            
                                <stem>up</stem>
                            
                            
                                <beam number="1">end</beam>
                            
                            
                                <notations>
                                    <tied type="start"/>
                                </notations>
                            
                        </note>
                    
                        
                        <note>
                            
                                <pitch>
                                    <step>B</step>
                                    
                                    <octave>4</octave>
                                </pitch>
                            
                            <duration>1</duration>
                            
                                <tie type="stop"/>
                            
                            <voice>1</voice>
                            <type>16th</type>
                            
                            
                                <stem>up</stem>
                            
                            
                                <beam number="1">begin</beam>
                            
                            
                                <notations>
                                    <tied type="stop"/>
                                </notations>
                            
                        </note>
                    
                        
                        <note>
                            
                                <pitch>
                                    <step>B</step>
                                    
                                    <octave>4</octave>
                                </pitch>
                            
                            <duration>1</duration>
                            
                            <voice>1</voice>
                            <type>16th</type>
                            
                            
                                <stem>up</stem>
                            
                            
                                <beam number="1">continue</beam>
                            
                            
                        </note>
                    
                        
                        <note>
                            
                                <pitch>
                                    <step>A</step>
                                    
                                        <alter>-1</alter>
                                    
                                    <octave>4</octave>
                                </pitch>
                            
                            <duration>2</duration>
                            
                            <voice>1</voice>
                            <type>eighth</type>
                            
                            
                                <stem>up</stem>
                            
                            
                                <beam number="1">end</beam>
                            
                            
                        </note>
                    
                    
                </measure>
            
                <measure number="8">
                    
                    
                    
                    
                        
                        <note>
                            
                                <pitch>
                                    <step>A</step>
                                    
                                    <octave>4</octave>
                                </pitch>
                            
                            <duration>2</duration>
                            
                            <voice>1</voice>
                            <type>eighth</type>
                            
                            
                                <stem>up</stem>
                            
                            
                                <beam number="1">begin</beam>
                            
                            
                        </note>
                    
                        
                        <note>
                            
                                <pitch>
                                    <step>B</step>
                                    
                                    <octave>4</octave>
                                </pitch>
                            
                            <duration>2</duration>
                            
                            <voice>1</voice>
                            <type>eighth</type>
                            
                            
                                <stem>up</stem>
                            
                            
                                <beam number="1">end</beam>
                            
                            
                        </note>
                    
                        
                        <note>
                            
                                <pitch>
                                    <step>C</step>
                                    
                                    <octave>5</octave>
                                </pitch>
                            
                            <duration>2</duration>
                            
                            <voice>1</voice>
                            <type>eighth</type>
                            
                            
                                <stem>down</stem>
                            
                            
                                <beam number="1">begin</beam>
                            
                            
                        </note>
                    
                        
                        <note>
                            
                                <pitch>
                                    <step>D</step>
                                    
                                    <octave>5</octave>
                                </pitch>
                            
                            <duration>1</duration>
                            
                            <voice>1</voice>
                            <type>16th</type>
                            
                            
                                <stem>down</stem>
                            
                            
                                <beam number="1">continue</beam>
                            
                            
                        </note>
                    
                        
                        <note>
                            
                                <pitch>
                                    <step>E</step>
                                    
                                    <octave>5</octave>
                                </pitch>
                            
                            <duration>1</duration>
                            
                                <tie type="start"/>
                            
                            <voice>1</voice>
                            <type>16th</type>
                            
                            
                                <stem>down</stem>
                            
                            
                                <beam number="1">end</beam>
                            
                            
                                <notations>
                                    <tied type="start"/>
                                </notations>
                            
                        </note>
                    
                        
                        <note>
                            
                                <pitch>
                                    <step>E</step>
                                    
                                    <octave>5</octave>
                                </pitch>
                            
                            <duration>4</duration>
                            
                                <tie type="stop"/>
                            
                            <voice>1</voice>
                            <type>quarter</type>
                            
                            
                                <stem>down</stem>
                            
                            
                            
                                <notations>
                                    <tied type="stop"/>
                                </notations>
                            
                        </note>
                    
                        
                        <note>
                            
                                <pitch>
                                    <step>A</step>
                                    
                                    <octave>4</octave>
                                </pitch>
                            
                            <duration>1</duration>
                            
                            <voice>1</voice>
                            <type>16th</type>
                            
                            
                                <stem>up</stem>
                            
                            
                                <beam number="1">begin</beam>
                            
                            
                        </note>
                    
                        
                        <note>
                            
                                <pitch>
                                    <step>A</step>
                                    
                                    <octave>4</octave>
                                </pitch>
                            
                            <duration>1</duration>
                            
                            <voice>1</voice>
                            <type>16th</type>
                            
                            
                                <stem>up</stem>
                            
                            
                                <beam number="1">continue</beam>
                            
                            
                        </note>
                    
                        
                        <note>
                            
                                <pitch>
                                    <step>C</step>
                                    
                                    <octave>5</octave>
                                </pitch>
                            
                            <duration>1</duration>
                            
                            <voice>1</voice>
                            <type>16th</type>
                            
                            
                                <stem>up</stem>
                            
                            
                                <beam number="1">continue</beam>
                            
                            
                        </note>
                    
                        
                        <note>
                            
                                <pitch>
                                    <step>A</step>
                                    
                                    <octave>4</octave>
                                </pitch>
                            
                            <duration>1</duration>
                            
                            <voice>1</voice>
                            <type>16th</type>
                            
                            
                                <stem>up</stem>
                            
                            
                                <beam number="1">end</beam>
                            
                            
                        </note>
                    
                    
                </measure>
            
                <measure number="9">
                    
                    
                    
                    
                        
                        <note>
                            
                                <pitch>
                                    <step>E</step>
                                    
                                    <octave>4</octave>
                                </pitch>
                            
                            <duration>4</duration>
                            
                            <voice>1</voice>
                            <type>quarter</type>
                            
                            
                                <stem>up</stem>
                            
                            
                            
                        </note>
                    
                        
                        <note>
                            
                                <pitch>
                                    <step>A</step>
                                    
                                    <octave>4</octave>
                                </pitch>
                            
                            <duration>4</duration>
                            
                            <voice>1</voice>
                            <type>quarter</type>
                            
                            
                                <stem>up</stem>
                            
                            
                            
                        </note>
                    
                        
                        <note>
                            
                                <pitch>
                                    <step>E</step>
                                    
                                    <octave>4</octave>
                                </pitch>
                            
                            <duration>2</duration>
                            
                            <voice>1</voice>
                            <type>eighth</type>
                            
                            
                                <stem>up</stem>
                            
                            
                                <beam number="1">begin</beam>
                            
                            
                        </note>
                    
                        
                        <note>
                            
                                <pitch>
                                    <step>A</step>
                                    
                                    <octave>4</octave>
                                </pitch>
                            
                            <duration>4</duration>
                            
                            <voice>1</voice>
                            <type>quarter</type>
                            
                            
                                <stem>up</stem>
                            
                            
                                <beam number="1">continue</beam>
                            
                            
                        </note>
                    
                        
                        <note>
                            
                                <pitch>
                                    <step>G</step>
                                    
                                    <octave>4</octave>
                                </pitch>
                            
                            <duration>2</duration>
                            
                            <voice>1</voice>
                            <type>eighth</type>
                            
                            
                                <stem>up</stem>
                            
                            
                                <beam number="1">end</beam>
                            
                            
                        </note>
                    
                    
                </measure>
            
                <measure number="10">
                    
                    
                    
                    
                        
                        <note>
                            
                                <pitch>
                                    <step>B</step>
                                    
                                    <octave>4</octave>
                                </pitch>
                            
                            <duration>1</duration>
                            
                            <voice>1</voice>
                            <type>16th</type>
                            
                            
                                <stem>up</stem>
                            
                            
                                <beam number="1">begin</beam>
                            
                            
                        </note>
                    
                        
                        <note>
                            
                                <pitch>
                                    <step>C</step>
                                    
                                    <octave>5</octave>
                                </pitch>
                            
                            <duration>1</duration>
                            
                            <voice>1</voice>
                            <type>16th</type>
                            
                            
                                <stem>up</stem>
                            
                            
                                <beam number="1">continue</beam>
                            
                            
                        </note>
                    
                        
                        <note>
                            
                                <pitch>
                                    <step>G</step>
                                    
                                    <octave>4</octave>
                                </pitch>
                            
                            <duration>4</duration>
                            
                            <voice>1</voice>
                            <type>quarter</type>
                            
                            
                                <stem>up</stem>
                            
                            
                                <beam number="1">continue</beam>
                            
                            
                        </note>
                    
                        
                        <note>
                            
                                <pitch>
                                    <step>A</step>
                                    
                                    <octave>4</octave>
                                </pitch>
                            
                            <duration>1</duration>
                            
                            <voice>1</voice>
                            <type>16th</type>
                            
                            
                                <stem>up</stem>
                            
                            
                                <beam number="1">continue</beam>
                            
                            
                        </note>
                    
                        
                        <note>
                            
                                <pitch>
                                    <step>G</step>
                                    
                                    <octave>4</octave>
                                </pitch>
                            
                            <duration>1</duration>
                            
                                <tie type="start"/>
                            
                            <voice>1</voice>
                            <type>16th</type>
                            
                            
                                <stem>up</stem>
                            
                            
                                <beam number="1">end</beam>
                            
                            
                                <notations>
                                    <tied type="start"/>
                                </notations>
                            
                        </note>
                    
                        
                        <note>
                            
                                <pitch>
                                    <step>G</step>
                                    
                                    <octave>4</octave>
                                </pitch>
                            
                            <duration>8</duration>
                            
                                <tie type="stop"/>
                            
                            <voice>1</voice>
                            <type>half</type>
                            
                            
                                <stem>up</stem>
                            
                            
                            
                                <notations>
                                    <tied type="stop"/>
                                </notations>
                            
                        </note>
                    
                    
                </measure>
            
                <measure number="11">
                    
                    
                    
                    
                        
                        <note>
                            
                                <pitch>
                                    <step>D</step>
                                    
                                    <octave>5</octave>
                                </pitch>
                            
                            <duration>2</duration>
                            
                            <voice>1</voice>
                            <type>eighth</type>
                            
                            
                                <stem>down</stem>
                            
                            
                                <beam number="1">begin</beam>
                            
                            
                        </note>
                    
                        
                        <note>
                            
                                <pitch>
                                    <step>C</step>
                                    
                                    <octave>5</octave>
                                </pitch>
                            
                            <duration>2</duration>
                            
                            <voice>1</voice>
                            <type>eighth</type>
                            
                            
                                <stem>down</stem>
                            
                            
                                <beam number="1">end</beam>
                            
                            
                        </note>
                    
                        
                        <note>
                            
                                <pitch>
                                    <step>B</step>
                                    
                                    <octave>4</octave>
                                </pitch>
                            
                            <duration>1</duration>
                            
                            <voice>1</voice>
                            <type>16th</type>
                            
                            
                                <stem>up</stem>
                            
                            
                                <beam number="1">begin</beam>
                            
                            
                        </note>
                    
                        
                        <note>
                            
                                <pitch>
                                    <step>C</step>
                                    
                                    <octave>5</octave>
                                </pitch>
                            
                            <duration>2</duration>
                            
                            <voice>1</voice>
                            <type>eighth</type>
                            
                            
                                <stem>up</stem>
                            
                            
                                <beam number="1">continue</beam>
                            
                            
                        </note>
                    
                        
                        <note>
                            
                                <pitch>
                                    <step>A</step>
                                    
                                        <alter>-1</alter>
                                    
                                    <octave>4</octave>
                                </pitch>
                            
                            <duration>1</duration>
                            
                                <tie type="start"/>
                            
                            <voice>1</voice>
                            <type>16th</type>
                            
                            
                                <stem>up</stem>
                            
                            
                                <beam number="1">end</beam>
                            
                            
                                <notations>
                                    <tied type="start"/>
                                </notations>
                            
                        </note>
                    
                        
                        <note>
                            
                                <pitch>
                                    <step>A</step>
                                    
                                        <alter>-1</alter>
                                    
                                    <octave>4</octave>
                                </pitch>
                            
                            <duration>1</duration>
                            
                                <tie type="stop"/>
                            
                            <voice>1</voice>
                            <type>16th</type>
                            
                            
                                <stem>up</stem>
                            
                            
                                <beam number="1">begin</beam>
                            
                            
                                <notations>
                                    <tied type="stop"/>
                                </notations>
                            
                        </note>
                    
                        
                        <note>
                            
                                <pitch>
                                    <step>A</step>
                                    
                                        <alter>-1</alter>
                                    
                                    <octave>4</octave>
                                </pitch>
                            
                            <duration>1</duration>
                            
                            <voice>1</voice>
                            <type>16th</type>
                            
                            
                                <stem>up</stem>
                            
                            
                                <beam number="1">continue</beam>
                            
                            
                        </note>
                    
                        
                        <note>
                            
                                <pitch>
                                    <step>A</step>
                                    
                                    <octave>4</octave>
                                </pitch>
                            
                            <duration>1</duration>
                            
                            <voice>1</voice>
                            <type>16th</type>
                            
                            
                                <stem>up</stem>
                            
                            
                                <beam number="1">continue</beam>
                            
                            
                        </note>
                    
                        
                        <note>
                            
                                <pitch>
                                    <step>B</step>
                                    
                                    <octave>4</octave>
                                </pitch>
                            
                            <duration>1</duration>
                            
                                <tie type="start"/>
                            
                            <voice>1</voice>
                            <type>16th</type>
                            
                            
                                <stem>up</stem>
                            
                            
                                <beam number="1">end</beam>
                            
                            
                                <notations>
                                    <tied type="start"/>
                                </notations>
                            
                        </note>
                    
                        
                        <note>
                            
                                <pitch>
                                    <step>B</step>
                                    
                                    <octave>4</octave>
                                </pitch>
                            
                            <duration>1</duration>
                            
                                <tie type="stop"/>
                            
                            <voice>1</voice>
                            <type>16th</type>
                            
                            
                                <stem>up</stem>
                            
                            
                                <beam number="1">begin</beam>
                            
                            
                                <notations>
                                    <tied type="stop"/>
                                </notations>
                            
                        </note>
                    
                        
                        <note>
                            
                                <pitch>
                                    <step>B</step>
                                    
                                    <octave>4</octave>
                                </pitch>
                            
                            <duration>1</duration>
                            
                            <voice>1</voice>
                            <type>16th</type>
                            
                            
                                <stem>up</stem>
                            
                            
                                <beam number="1">continue</beam>
                            
                            
                        </note>
                    
                        
                        <note>
                            
                                <pitch>
                                    <step>A</step>
                                    
                                        <alter>-1</alter>
                                    
                                    <octave>4</octave>
                                </pitch>
                            
                            <duration>2</duration>
                            
                            <voice>1</voice>
                            <type>eighth</type>
                            
                            
                                <stem>up</stem>
                            
                            
                                <beam number="1">end</beam>
                            
                            
                        </note>
                    
                    
                </measure>
            
                <measure number="12">
                    
                    
                    
                    
                        
                        <note>
                            
                                <pitch>
                                    <step>A</step>
                                    
                                    <octave>4</octave>
                                </pitch>
                            
                            <duration>2</duration>
                            
                            <voice>1</voice>
                            <type>eighth</type>
                            
                            
                                <stem>up</stem>
                            
                            
                                <beam number="1">begin</beam>
                            
                            
                        </note>
                    
                        
                        <note>
                            
                                <pitch>
                                    <step>B</step>
                                    
                                    <octave>4</octave>
                                </pitch>
                            
                            <duration>2</duration>
                            
                            <voice>1</voice>
                            <type>eighth</type>
                            
                            
                                <stem>up</stem>
                            
                            
                                <beam number="1">end</beam>
                            
                            
                        </note>
                    
                        
                        <note>
                            
                                <pitch>
                                    <step>C</step>
                                    
                                    <octave>5</octave>
                                </pitch>
                            
                            <duration>2</duration>
                            
                            <voice>1</voice>
                            <type>eighth</type>
                            
                            
                                <stem>down</stem>
                            
                            
                                <beam number="1">begin</beam>
                            
                            
                        </note>
                    
                        
                        <note>
                            
                                <pitch>
                                    <step>D</step>
                                    
                                    <octave>5</octave>
                                </pitch>
                            
                            <duration>1</duration>
                            
                            <voice>1</voice>
                            <type>16th</type>
                            
                            
                                <stem>down</stem>
                            
                            
                                <beam number="1">continue</beam>
                            
                            
                        </note>
                    
                        
                        <note>
                            
                                <pitch>
                                    <step>E</step>
                                    
                                    <octave>5</octave>
                                </pitch>
                            
                            <duration>1</duration>
                            
                                <tie type="start"/>
                            
                            <voice>1</voice>
                            <type>16th</type>
                            
                            
                                <stem>down</stem>
                            
                            
                                <beam number="1">end</beam>
                            
                            
                                <notations>
                                    <tied type="start"/>
                                </notations>
                            
                        </note>
                    
                        
                        <note>
                            
                                <pitch>
                                    <step>E</step>
                                    
                                    <octave>5</octave>
                                </pitch>
                            
                            <duration>4</duration>
                            
                                <tie type="stop"/>
                            
                            <voice>1</voice>
                            <type>quarter</type>
                            
                            
                                <stem>down</stem>
                            
                            
                            
                                <notations>
                                    <tied type="stop"/>
                                </notations>
                            
                        </note>
                    
                        
                        <note>
                            
                                <pitch>
                                    <step>A</step>
                                    
                                    <octave>4</octave>
                                </pitch>
                            
                            <duration>1</duration>
                            
                            <voice>1</voice>
                            <type>16th</type>
                            
                            
                                <stem>up</stem>
                            
                            
                                <beam number="1">begin</beam>
                            
                            
                        </note>
                    
                        
                        <note>
                            
                                <pitch>
                                    <step>A</step>
                                    
                                    <octave>4</octave>
                                </pitch>
                            
                            <duration>1</duration>
                            
                            <voice>1</voice>
                            <type>16th</type>
                            
                            
                                <stem>up</stem>
                            
                            
                                <beam number="1">continue</beam>
                            
                            
                        </note>
                    
                        
                        <note>
                            
                                <pitch>
                                    <step>C</step>
                                    
                                    <octave>5</octave>
                                </pitch>
                            
                            <duration>1</duration>
                            
                            <voice>1</voice>
                            <type>16th</type>
                            
                            
                                <stem>up</stem>
                            
                            
                                <beam number="1">continue</beam>
                            
                            
                        </note>
                    
                        
                        <note>
                            
                                <pitch>
                                    <step>A</step>
                                    
                                    <octave>4</octave>
                                </pitch>
                            
                            <duration>1</duration>
                            
                            <voice>1</voice>
                            <type>16th</type>
                            
                            
                                <stem>up</stem>
                            
                            
                                <beam number="1">end</beam>
                            
                            
                        </note>
                    
                    
                </measure>
            
                <measure number="13">
                    
                    
                    
                    
                        
                        <note>
                            
                                <pitch>
                                    <step>E</step>
                                    
                                    <octave>4</octave>
                                </pitch>
                            
                            <duration>4</duration>
                            
                            <voice>1</voice>
                            <type>quarter</type>
                            
                            
                                <stem>up</stem>
                            
                            
                            
                        </note>
                    
                        
                        <note>
                            
                                <pitch>
                                    <step>A</step>
                                    
                                    <octave>4</octave>
                                </pitch>
                            
                            <duration>4</duration>
                            
                            <voice>1</voice>
                            <type>quarter</type>
                            
                            
                                <stem>up</stem>
                            
                            
                            
                        </note>
                    
                        
                        <note>
                            
                                <pitch>
                                    <step>E</step>
                                    
                                    <octave>4</octave>
                                </pitch>
                            
                            <duration>2</duration>
                            
                            <voice>1</voice>
                            <type>eighth</type>
                            
                            
                                <stem>up</stem>
                            
                            
                                <beam number="1">begin</beam>
                            
                            
                        </note>
                    
                        
                        <note>
                            
                                <pitch>
                                    <step>A</step>
                                    
                                    <octave>4</octave>
                                </pitch>
                            
                            <duration>4</duration>
                            
                            <voice>1</voice>
                            <type>quarter</type>
                            
                            
                                <stem>up</stem>
                            
                            
                                <beam number="1">continue</beam>
                            
                            
                        </note>
                    
                        
                        <note>
                            
                                <pitch>
                                    <step>G</step>
                                    
                                    <octave>4</octave>
                                </pitch>
                            
                            <duration>2</duration>
                            
                            <voice>1</voice>
                            <type>eighth</type>
                            
                            
                                <stem>up</stem>
                            
                            
                                <beam number="1">end</beam>
                            
                            
                        </note>
                    
                    
                </measure>
            
                <measure number="14">
                    
                    
                    
                    
                        
                        <note>
                            
                                <pitch>
                                    <step>B</step>
                                    
                                    <octave>4</octave>
                                </pitch>
                            
                            <duration>1</duration>
                            
                            <voice>1</voice>
                            <type>16th</type>
                            
                            
                                <stem>up</stem>
                            
                            
                                <beam number="1">begin</beam>
                            
                            
                        </note>
                    
                        
                        <note>
                            
                                <pitch>
                                    <step>C</step>
                                    
                                    <octave>5</octave>
                                </pitch>
                            
                            <duration>1</duration>
                            
                            <voice>1</voice>
                            <type>16th</type>
                            
                            
                                <stem>up</stem>
                            
                            
                                <beam number="1">continue</beam>
                            
                            
                        </note>
                    
                        
                        <note>
                            
                                <pitch>
                                    <step>G</step>
                                    
                                    <octave>4</octave>
                                </pitch>
                            
                            <duration>4</duration>
                            
                            <voice>1</voice>
                            <type>quarter</type>
                            
                            
                                <stem>up</stem>
                            
                            
                                <beam number="1">continue</beam>
                            
                            
                        </note>
                    
                        
                        <note>
                            
                                <pitch>
                                    <step>A</step>
                                    
                                    <octave>4</octave>
                                </pitch>
                            
                            <duration>1</duration>
                            
                            <voice>1</voice>
                            <type>16th</type>
                            
                            
                                <stem>up</stem>
                            
                            
                                <beam number="1">continue</beam>
                            
                            
                        </note>
                    
                        
                        <note>
                            
                                <pitch>
                                    <step>G</step>
                                    
                                    <octave>4</octave>
                                </pitch>
                            
                            <duration>1</duration>
                            
                                <tie type="start"/>
                            
                            <voice>1</voice>
                            <type>16th</type>
                            
                            
                                <stem>up</stem>
                            
                            
                                <beam number="1">end</beam>
                            
                            
                                <notations>
                                    <tied type="start"/>
                                </notations>
                            
                        </note>
                    
                        
                        <note>
                            
                                <pitch>
                                    <step>G</step>
                                    
                                    <octave>4</octave>
                                </pitch>
                            
                            <duration>8</duration>
                            
                                <tie type="stop"/>
                            
                            <voice>1</voice>
                            <type>half</type>
                            
                            
                                <stem>up</stem>
                            
                            
                            
                                <notations>
                                    <tied type="stop"/>
                                </notations>
                            
                        </note>
                    
                    
                </measure>
            
                <measure number="15">
                    
                    
                    
                    
                        
                        <note>
                            
                                <pitch>
                                    <step>D</step>
                                    
                                    <octave>5</octave>
                                </pitch>
                            
                            <duration>2</duration>
                            
                            <voice>1</voice>
                            <type>eighth</type>
                            
                            
                                <stem>down</stem>
                            
                            
                                <beam number="1">begin</beam>
                            
                            
                        </note>
                    
                        
                        <note>
                            
                                <pitch>
                                    <step>C</step>
                                    
                                    <octave>5</octave>
                                </pitch>
                            
                            <duration>2</duration>
                            
                            <voice>1</voice>
                            <type>eighth</type>
                            
                            
                                <stem>down</stem>
                            
                            
                                <beam number="1">end</beam>
                            
                            
                        </note>
                    
                        
                        <note>
                            
                                <pitch>
                                    <step>B</step>
                                    
                                    <octave>4</octave>
                                </pitch>
                            
                            <duration>1</duration>
                            
                            <voice>1</voice>
                            <type>16th</type>
                            
                            
                                <stem>up</stem>
                            
                            
                                <beam number="1">begin</beam>
                            
                            
                        </note>
                    
                        
                        <note>
                            
                                <pitch>
                                    <step>C</step>
                                    
                                    <octave>5</octave>
                                </pitch>
                            
                            <duration>2</duration>
                            
                            <voice>1</voice>
                            <type>eighth</type>
                            
                            
                                <stem>up</stem>
                            
                            
                                <beam number="1">continue</beam>
                            
                            
                        </note>
                    
                        
                        <note>
                            
                                <pitch>
                                    <step>A</step>
                                    
                                        <alter>-1</alter>
                                    
                                    <octave>4</octave>
                                </pitch>
                            
                            <duration>1</duration>
                            
                                <tie type="start"/>
                            
                            <voice>1</voice>
                            <type>16th</type>
                            
                            
                                <stem>up</stem>
                            
                            
                                <beam number="1">end</beam>
                            
                            
                                <notations>
                                    <tied type="start"/>
                                </notations>
                            
                        </note>
                    
                        
                        <note>
                            
                                <pitch>
                                    <step>A</step>
                                    
                                        <alter>-1</alter>
                                    
                                    <octave>4</octave>
                                </pitch>
                            
                            <duration>1</duration>
                            
                                <tie type="stop"/>
                            
                            <voice>1</voice>
                            <type>16th</type>
                            
                            
                                <stem>up</stem>
                            
                            
                                <beam number="1">begin</beam>
                            
                            
                                <notations>
                                    <tied type="stop"/>
                                </notations>
                            
                        </note>
                    
                        
                        <note>
                            
                                <pitch>
                                    <step>A</step>
                                    
                                        <alter>-1</alter>
                                    
                                    <octave>4</octave>
                                </pitch>
                            
                            <duration>1</duration>
                            
                            <voice>1</voice>
                            <type>16th</type>
                            
                            
                                <stem>up</stem>
                            
                            
                                <beam number="1">continue</beam>
                            
                            
                        </note>
                    
                        
                        <note>
                            
                                <pitch>
                                    <step>A</step>
                                    
                                    <octave>4</octave>
                                </pitch>
                            
                            <duration>1</duration>
                            
                            <voice>1</voice>
                            <type>16th</type>
                            
                            
                                <stem>up</stem>
                            
                            
                                <beam number="1">continue</beam>
                            
                            
                        </note>
                    
                        
                        <note>
                            
                                <pitch>
                                    <step>B</step>
                                    
                                    <octave>4</octave>
                                </pitch>
                            
                            <duration>1</duration>
                            
                                <tie type="start"/>
                            
                            <voice>1</voice>
                            <type>16th</type>
                            
                            
                                <stem>up</stem>
                            
                            
                                <beam number="1">end</beam>
                            
                            
                                <notations>
                                    <tied type="start"/>
                                </notations>
                            
                        </note>
                    
                        
                        <note>
                            
                                <pitch>
                                    <step>B</step>
                                    
                                    <octave>4</octave>
                                </pitch>
                            
                            <duration>1</duration>
                            
                                <tie type="stop"/>
                            
                            <voice>1</voice>
                            <type>16th</type>
                            
                            
                                <stem>up</stem>
                            
                            
                                <beam number="1">begin</beam>
                            
                            
                                <notations>
                                    <tied type="stop"/>
                                </notations>
                            
                        </note>
                    
                        
                        <note>
                            
                                <pitch>
                                    <step>B</step>
                                    
                                    <octave>4</octave>
                                </pitch>
                            
                            <duration>1</duration>
                            
                            <voice>1</voice>
                            <type>16th</type>
                            
                            
                                <stem>up</stem>
                            
                            
                                <beam number="1">continue</beam>
                            
                            
                        </note>
                    
                        
                        <note>
                            
                                <pitch>
                                    <step>A</step>
                                    
                                        <alter>-1</alter>
                                    
                                    <octave>4</octave>
                                </pitch>
                            
                            <duration>2</duration>
                            
                            <voice>1</voice>
                            <type>eighth</type>
                            
                            
                                <stem>up</stem>
                            
                            
                                <beam number="1">end</beam>
                            
                            
                        </note>
                    
                    
                </measure>
            
                <measure number="16">
                    
                    
                    
                    
                        
                        <note>
                            
                                <pitch>
                                    <step>A</step>
                                    
                                    <octave>4</octave>
                                </pitch>
                            
                            <duration>8</duration>
                            
                                <tie type="start"/>
                            
                            <voice>1</voice>
                            <type>half</type>
                            
                            
                                <stem>up</stem>
                            
                            
                                <beam number="1">begin</beam>
                            
                            
                                <notations>
                                    <tied type="start"/>
                                </notations>
                            
                        </note>
                    
                        
                        <note>
                            
                                <pitch>
                                    <step>A</step>
                                    
                                    <octave>4</octave>
                                </pitch>
                            
                            <duration>8</duration>
                            
                                <tie type="stop"/>
                            
                            <voice>1</voice>
                            <type>half</type>
                            
                            
                                <stem>up</stem>
                            
                            
                            
                                <notations>
                                    <tied type="stop"/>
                                </notations>
                            
                        </note>
                    
                    
                </measure>
            
        </part>
    
</score-partwise>
